Determining if the pthread_create exist failed with the following output:
Change Dir: /usr/prakt/s150/cuda_ss17/gamma/build_make/CMakeFiles/CMakeTmp

Run Build Command:"/usr/bin/make" "cmTC_7ccbb/fast"
/usr/bin/make -f CMakeFiles/cmTC_7ccbb.dir/build.make CMakeFiles/cmTC_7ccbb.dir/build
make[1]: Entering directory '/usr/prakt/s150/cuda_ss17/gamma/build_make/CMakeFiles/CMakeTmp'
Building C object CMakeFiles/cmTC_7ccbb.dir/CheckSymbolExists.c.o
/usr/bin/cc    -fPIC    -o CMakeFiles/cmTC_7ccbb.dir/CheckSymbolExists.c.o   -c /usr/prakt/s150/cuda_ss17/gamma/build_make/CMakeFiles/CMakeTmp/CheckSymbolExists.c
Linking C executable cmTC_7ccbb
/usr/bin/cmake -E cmake_link_script CMakeFiles/cmTC_7ccbb.dir/link.txt --verbose=1
/usr/bin/cc  -fPIC     CMakeFiles/cmTC_7ccbb.dir/CheckSymbolExists.c.o  -o cmTC_7ccbb -rdynamic 
CMakeFiles/cmTC_7ccbb.dir/CheckSymbolExists.c.o: In function `main':
CheckSymbolExists.c:(.text+0x1b): undefined reference to `pthread_create'
collect2: error: ld returned 1 exit status
CMakeFiles/cmTC_7ccbb.dir/build.make:97: recipe for target 'cmTC_7ccbb' failed
make[1]: *** [cmTC_7ccbb] Error 1
make[1]: Leaving directory '/usr/prakt/s150/cuda_ss17/gamma/build_make/CMakeFiles/CMakeTmp'
Makefile:126: recipe for target 'cmTC_7ccbb/fast' failed
make: *** [cmTC_7ccbb/fast] Error 2

File /usr/prakt/s150/cuda_ss17/gamma/build_make/CMakeFiles/CMakeTmp/CheckSymbolExists.c:
/* */
#include <pthread.h>

int main(int argc, char** argv)
{
  (void)argv;
#ifndef pthread_create
  return ((int*)(&pthread_create))[argc];
#else
  (void)argc;
  return 0;
#endif
}

Determining if the function pthread_create exists in the pthreads failed with the following output:
Change Dir: /usr/prakt/s150/cuda_ss17/gamma/build_make/CMakeFiles/CMakeTmp

Run Build Command:"/usr/bin/make" "cmTC_935ae/fast"
/usr/bin/make -f CMakeFiles/cmTC_935ae.dir/build.make CMakeFiles/cmTC_935ae.dir/build
make[1]: Entering directory '/usr/prakt/s150/cuda_ss17/gamma/build_make/CMakeFiles/CMakeTmp'
Building C object CMakeFiles/cmTC_935ae.dir/CheckFunctionExists.c.o
/usr/bin/cc    -fPIC -DCHECK_FUNCTION_EXISTS=pthread_create   -o CMakeFiles/cmTC_935ae.dir/CheckFunctionExists.c.o   -c /usr/share/cmake-3.5/Modules/CheckFunctionExists.c
Linking C executable cmTC_935ae
/usr/bin/cmake -E cmake_link_script CMakeFiles/cmTC_935ae.dir/link.txt --verbose=1
/usr/bin/cc  -fPIC -DCHECK_FUNCTION_EXISTS=pthread_create    CMakeFiles/cmTC_935ae.dir/CheckFunctionExists.c.o  -o cmTC_935ae -rdynamic -lpthreads 
/usr/bin/ld: cannot find -lpthreads
collect2: error: ld returned 1 exit status
CMakeFiles/cmTC_935ae.dir/build.make:97: recipe for target 'cmTC_935ae' failed
make[1]: *** [cmTC_935ae] Error 1
make[1]: Leaving directory '/usr/prakt/s150/cuda_ss17/gamma/build_make/CMakeFiles/CMakeTmp'
Makefile:126: recipe for target 'cmTC_935ae/fast' failed
make: *** [cmTC_935ae/fast] Error 2


